<?xml version="1.0" encoding="UTF-8"?>
<!-- Generated by org.testng.reporters.JUnitReportReporter -->
<testsuite hostname="Preetijaiswal-IT" failures="0" tests="1" name="TestNGPractice" time="7.121" errors="0" timestamp="2022-11-25T11:32:58 IST" skipped="0">
  <testcase classname="TestNGPractice" name="SignUp" time="7.121"/>
  <system-out/>
</testsuite> <!-- TestNGPractice -->
