<?xml version="1.0" encoding="UTF-8"?>
<!-- Generated by org.testng.reporters.JUnitReportReporter -->
<testsuite hostname="Preetijaiswal-IT" failures="0" tests="1" name="Stream" time="0.013" errors="0" timestamp="2022-11-22T17:05:16 IST" skipped="0">
  <testcase classname="Stream" name="stream" time="0.013"/>
  <system-out/>
</testsuite> <!-- Stream -->
